Tue, 12 Dec 2017 19:09:49 connectionpool.py[line:818] DEBUG Starting new HTTPS connection (1): huaihua.anjuke.com
Tue, 12 Dec 2017 19:12:15 connectionpool.py[line:818] DEBUG Starting new HTTPS connection (1): huaihua.anjuke.com
Tue, 12 Dec 2017 19:12:15 connectionpool.py[line:395] DEBUG https://huaihua.anjuke.com:443 "POST /community/ HTTP/1.1" 302 None
Tue, 12 Dec 2017 19:12:15 connectionpool.py[line:395] DEBUG https://huaihua.anjuke.com:443 "GET /404/?from=antispam HTTP/1.1" 302 None
Tue, 12 Dec 2017 19:12:15 connectionpool.py[line:395] DEBUG https://huaihua.anjuke.com:443 "GET /404/?from=antispam HTTP/1.1" 302 None
Tue, 12 Dec 2017 19:12:15 connectionpool.py[line:395] DEBUG https://huaihua.anjuke.com:443 "GET /404/?from=antispam HTTP/1.1" 302 None
Tue, 12 Dec 2017 19:12:15 connectionpool.py[line:395] DEBUG https://huaihua.anjuke.com:443 "GET /404/?from=antispam HTTP/1.1" 302 None
Tue, 12 Dec 2017 19:12:15 connectionpool.py[line:395] DEBUG https://huaihua.anjuke.com:443 "GET /404/?from=antispam HTTP/1.1" 302 None
Tue, 12 Dec 2017 19:12:15 connectionpool.py[line:395] DEBUG https://huaihua.anjuke.com:443 "GET /404/?from=antispam HTTP/1.1" 302 None
Tue, 12 Dec 2017 19:12:16 connectionpool.py[line:395] DEBUG https://huaihua.anjuke.com:443 "GET /404/?from=antispam HTTP/1.1" 302 None
Tue, 12 Dec 2017 19:12:16 connectionpool.py[line:395] DEBUG https://huaihua.anjuke.com:443 "GET /404/?from=antispam HTTP/1.1" 302 None
Tue, 12 Dec 2017 19:12:16 connectionpool.py[line:395] DEBUG https://huaihua.anjuke.com:443 "GET /404/?from=antispam HTTP/1.1" 302 None
Tue, 12 Dec 2017 19:12:16 connectionpool.py[line:395] DEBUG https://huaihua.anjuke.com:443 "GET /404/?from=antispam HTTP/1.1" 302 None
Tue, 12 Dec 2017 19:12:16 connectionpool.py[line:395] DEBUG https://huaihua.anjuke.com:443 "GET /404/?from=antispam HTTP/1.1" 302 None
Tue, 12 Dec 2017 19:12:16 connectionpool.py[line:395] DEBUG https://huaihua.anjuke.com:443 "GET /404/?from=antispam HTTP/1.1" 302 None
Tue, 12 Dec 2017 19:12:16 connectionpool.py[line:395] DEBUG https://huaihua.anjuke.com:443 "GET /404/?from=antispam HTTP/1.1" 302 None
Tue, 12 Dec 2017 19:12:16 connectionpool.py[line:395] DEBUG https://huaihua.anjuke.com:443 "GET /404/?from=antispam HTTP/1.1" 302 None
Tue, 12 Dec 2017 19:12:16 connectionpool.py[line:395] DEBUG https://huaihua.anjuke.com:443 "GET /404/?from=antispam HTTP/1.1" 302 None
Tue, 12 Dec 2017 19:12:16 connectionpool.py[line:395] DEBUG https://huaihua.anjuke.com:443 "GET /404/?from=antispam HTTP/1.1" 302 None
Tue, 12 Dec 2017 19:12:16 connectionpool.py[line:395] DEBUG https://huaihua.anjuke.com:443 "GET /404/?from=antispam HTTP/1.1" 302 None
Tue, 12 Dec 2017 19:12:16 connectionpool.py[line:395] DEBUG https://huaihua.anjuke.com:443 "GET /404/?from=antispam HTTP/1.1" 302 None
Tue, 12 Dec 2017 19:12:16 connectionpool.py[line:395] DEBUG https://huaihua.anjuke.com:443 "GET /404/?from=antispam HTTP/1.1" 302 None
Tue, 12 Dec 2017 19:12:16 connectionpool.py[line:395] DEBUG https://huaihua.anjuke.com:443 "GET /404/?from=antispam HTTP/1.1" 302 None
Tue, 12 Dec 2017 19:12:16 connectionpool.py[line:395] DEBUG https://huaihua.anjuke.com:443 "GET /404/?from=antispam HTTP/1.1" 302 None
Tue, 12 Dec 2017 19:12:17 connectionpool.py[line:395] DEBUG https://huaihua.anjuke.com:443 "GET /404/?from=antispam HTTP/1.1" 302 None
Tue, 12 Dec 2017 19:12:17 connectionpool.py[line:395] DEBUG https://huaihua.anjuke.com:443 "GET /404/?from=antispam HTTP/1.1" 302 None
Tue, 12 Dec 2017 19:12:17 connectionpool.py[line:395] DEBUG https://huaihua.anjuke.com:443 "GET /404/?from=antispam HTTP/1.1" 302 None
Tue, 12 Dec 2017 19:12:17 connectionpool.py[line:395] DEBUG https://huaihua.anjuke.com:443 "GET /404/?from=antispam HTTP/1.1" 302 None
Tue, 12 Dec 2017 19:12:17 connectionpool.py[line:395] DEBUG https://huaihua.anjuke.com:443 "GET /404/?from=antispam HTTP/1.1" 302 None
Tue, 12 Dec 2017 19:12:17 connectionpool.py[line:395] DEBUG https://huaihua.anjuke.com:443 "GET /404/?from=antispam HTTP/1.1" 302 None
Tue, 12 Dec 2017 19:12:17 connectionpool.py[line:395] DEBUG https://huaihua.anjuke.com:443 "GET /404/?from=antispam HTTP/1.1" 302 None
Tue, 12 Dec 2017 19:12:17 connectionpool.py[line:395] DEBUG https://huaihua.anjuke.com:443 "GET /404/?from=antispam HTTP/1.1" 302 None
Tue, 12 Dec 2017 19:12:17 connectionpool.py[line:395] DEBUG https://huaihua.anjuke.com:443 "GET /404/?from=antispam HTTP/1.1" 302 None
Tue, 12 Dec 2017 19:13:18 connectionpool.py[line:818] DEBUG Starting new HTTPS connection (1): huaihua.anjuke.com
Tue, 12 Dec 2017 19:13:18 connectionpool.py[line:395] DEBUG https://huaihua.anjuke.com:443 "POST /community/ HTTP/1.1" 302 None
Tue, 12 Dec 2017 19:13:48 connectionpool.py[line:818] DEBUG Starting new HTTPS connection (1): huaihua.anjuke.com
Tue, 12 Dec 2017 19:13:48 connectionpool.py[line:395] DEBUG https://huaihua.anjuke.com:443 "POST /community/ HTTP/1.1" 302 None
Tue, 12 Dec 2017 19:14:02 connectionpool.py[line:818] DEBUG Starting new HTTPS connection (1): huaihua.anjuke.com
Tue, 12 Dec 2017 19:14:02 connectionpool.py[line:395] DEBUG https://huaihua.anjuke.com:443 "POST /community/ HTTP/1.1" 302 None
Tue, 12 Dec 2017 19:16:33 connectionpool.py[line:818] DEBUG Starting new HTTPS connection (1): huaihua.anjuke.com
Tue, 12 Dec 2017 19:16:33 connectionpool.py[line:395] DEBUG https://huaihua.anjuke.com:443 "POST /community/ HTTP/1.1" 302 None
Tue, 12 Dec 2017 19:16:39 connectionpool.py[line:818] DEBUG Starting new HTTPS connection (1): huaihua.anjuke.com
Tue, 12 Dec 2017 19:16:39 connectionpool.py[line:395] DEBUG https://huaihua.anjuke.com:443 "POST /community/ HTTP/1.1" 302 None
Tue, 12 Dec 2017 19:16:55 connectionpool.py[line:818] DEBUG Starting new HTTPS connection (1): huaihua.anjuke.com
Tue, 12 Dec 2017 19:17:33 connectionpool.py[line:818] DEBUG Starting new HTTPS connection (1): huaihua.anjuke.com
Tue, 12 Dec 2017 19:17:34 connectionpool.py[line:395] DEBUG https://huaihua.anjuke.com:443 "POST /community/ HTTP/1.1" 302 None
Tue, 12 Dec 2017 19:17:34 connectionpool.py[line:395] DEBUG https://huaihua.anjuke.com:443 "GET /404/?from=antispam HTTP/1.1" 302 None
Tue, 12 Dec 2017 19:17:34 connectionpool.py[line:395] DEBUG https://huaihua.anjuke.com:443 "GET /404/?from=antispam HTTP/1.1" 302 None
Tue, 12 Dec 2017 19:17:34 connectionpool.py[line:395] DEBUG https://huaihua.anjuke.com:443 "GET /404/?from=antispam HTTP/1.1" 302 None
Tue, 12 Dec 2017 19:17:34 connectionpool.py[line:395] DEBUG https://huaihua.anjuke.com:443 "GET /404/?from=antispam HTTP/1.1" 302 None
Tue, 12 Dec 2017 19:17:34 connectionpool.py[line:395] DEBUG https://huaihua.anjuke.com:443 "GET /404/?from=antispam HTTP/1.1" 302 None
Tue, 12 Dec 2017 19:17:34 connectionpool.py[line:395] DEBUG https://huaihua.anjuke.com:443 "GET /404/?from=antispam HTTP/1.1" 302 None
Tue, 12 Dec 2017 19:17:34 connectionpool.py[line:395] DEBUG https://huaihua.anjuke.com:443 "GET /404/?from=antispam HTTP/1.1" 302 None
Tue, 12 Dec 2017 19:17:34 connectionpool.py[line:395] DEBUG https://huaihua.anjuke.com:443 "GET /404/?from=antispam HTTP/1.1" 302 None
Tue, 12 Dec 2017 19:17:34 connectionpool.py[line:395] DEBUG https://huaihua.anjuke.com:443 "GET /404/?from=antispam HTTP/1.1" 302 None
Tue, 12 Dec 2017 19:17:34 connectionpool.py[line:395] DEBUG https://huaihua.anjuke.com:443 "GET /404/?from=antispam HTTP/1.1" 302 None
Tue, 12 Dec 2017 19:17:34 connectionpool.py[line:395] DEBUG https://huaihua.anjuke.com:443 "GET /404/?from=antispam HTTP/1.1" 302 None
Tue, 12 Dec 2017 19:17:34 connectionpool.py[line:395] DEBUG https://huaihua.anjuke.com:443 "GET /404/?from=antispam HTTP/1.1" 302 None
Tue, 12 Dec 2017 19:17:34 connectionpool.py[line:395] DEBUG https://huaihua.anjuke.com:443 "GET /404/?from=antispam HTTP/1.1" 302 None
Tue, 12 Dec 2017 19:17:35 connectionpool.py[line:395] DEBUG https://huaihua.anjuke.com:443 "GET /404/?from=antispam HTTP/1.1" 302 None
Tue, 12 Dec 2017 19:17:35 connectionpool.py[line:395] DEBUG https://huaihua.anjuke.com:443 "GET /404/?from=antispam HTTP/1.1" 302 None
Tue, 12 Dec 2017 19:17:35 connectionpool.py[line:395] DEBUG https://huaihua.anjuke.com:443 "GET /404/?from=antispam HTTP/1.1" 302 None
Tue, 12 Dec 2017 19:17:35 connectionpool.py[line:395] DEBUG https://huaihua.anjuke.com:443 "GET /404/?from=antispam HTTP/1.1" 302 None
Tue, 12 Dec 2017 19:17:35 connectionpool.py[line:395] DEBUG https://huaihua.anjuke.com:443 "GET /404/?from=antispam HTTP/1.1" 302 None
Tue, 12 Dec 2017 19:17:35 connectionpool.py[line:395] DEBUG https://huaihua.anjuke.com:443 "GET /404/?from=antispam HTTP/1.1" 302 None
Tue, 12 Dec 2017 19:17:35 connectionpool.py[line:395] DEBUG https://huaihua.anjuke.com:443 "GET /404/?from=antispam HTTP/1.1" 302 None
Tue, 12 Dec 2017 19:17:35 connectionpool.py[line:395] DEBUG https://huaihua.anjuke.com:443 "GET /404/?from=antispam HTTP/1.1" 302 None
Tue, 12 Dec 2017 19:17:35 connectionpool.py[line:395] DEBUG https://huaihua.anjuke.com:443 "GET /404/?from=antispam HTTP/1.1" 302 None
Tue, 12 Dec 2017 19:17:35 connectionpool.py[line:395] DEBUG https://huaihua.anjuke.com:443 "GET /404/?from=antispam HTTP/1.1" 302 None
Tue, 12 Dec 2017 19:17:35 connectionpool.py[line:395] DEBUG https://huaihua.anjuke.com:443 "GET /404/?from=antispam HTTP/1.1" 302 None
Tue, 12 Dec 2017 19:17:35 connectionpool.py[line:395] DEBUG https://huaihua.anjuke.com:443 "GET /404/?from=antispam HTTP/1.1" 302 None
Tue, 12 Dec 2017 19:17:35 connectionpool.py[line:395] DEBUG https://huaihua.anjuke.com:443 "GET /404/?from=antispam HTTP/1.1" 302 None
Tue, 12 Dec 2017 19:17:35 connectionpool.py[line:395] DEBUG https://huaihua.anjuke.com:443 "GET /404/?from=antispam HTTP/1.1" 302 None
Tue, 12 Dec 2017 19:17:35 connectionpool.py[line:395] DEBUG https://huaihua.anjuke.com:443 "GET /404/?from=antispam HTTP/1.1" 302 None
Tue, 12 Dec 2017 19:17:36 connectionpool.py[line:395] DEBUG https://huaihua.anjuke.com:443 "GET /404/?from=antispam HTTP/1.1" 302 None
Tue, 12 Dec 2017 19:17:36 connectionpool.py[line:395] DEBUG https://huaihua.anjuke.com:443 "GET /404/?from=antispam HTTP/1.1" 302 None
Thu, 14 Dec 2017 11:29:12 connectionpool.py[line:818] DEBUG Starting new HTTPS connection (1): anqing.anjuke.com
Thu, 14 Dec 2017 11:29:12 connectionpool.py[line:395] DEBUG https://anqing.anjuke.com:443 "GET /community/view/691353 HTTP/1.1" 302 None
Thu, 14 Dec 2017 11:29:12 connectionpool.py[line:395] DEBUG https://anqing.anjuke.com:443 "GET /404/?from=antispam HTTP/1.1" 302 None
Thu, 14 Dec 2017 11:29:12 connectionpool.py[line:395] DEBUG https://anqing.anjuke.com:443 "GET /404/?from=antispam HTTP/1.1" 302 None
Thu, 14 Dec 2017 11:29:12 connectionpool.py[line:395] DEBUG https://anqing.anjuke.com:443 "GET /404/?from=antispam HTTP/1.1" 302 None
Thu, 14 Dec 2017 11:29:12 connectionpool.py[line:395] DEBUG https://anqing.anjuke.com:443 "GET /404/?from=antispam HTTP/1.1" 302 None
Thu, 14 Dec 2017 11:29:12 connectionpool.py[line:395] DEBUG https://anqing.anjuke.com:443 "GET /404/?from=antispam HTTP/1.1" 302 None
Thu, 14 Dec 2017 11:29:12 connectionpool.py[line:395] DEBUG https://anqing.anjuke.com:443 "GET /404/?from=antispam HTTP/1.1" 302 None
Thu, 14 Dec 2017 11:29:13 connectionpool.py[line:395] DEBUG https://anqing.anjuke.com:443 "GET /404/?from=antispam HTTP/1.1" 302 None
Thu, 14 Dec 2017 11:29:13 connectionpool.py[line:395] DEBUG https://anqing.anjuke.com:443 "GET /404/?from=antispam HTTP/1.1" 302 None
Thu, 14 Dec 2017 11:29:13 connectionpool.py[line:395] DEBUG https://anqing.anjuke.com:443 "GET /404/?from=antispam HTTP/1.1" 302 None
Thu, 14 Dec 2017 11:29:13 connectionpool.py[line:395] DEBUG https://anqing.anjuke.com:443 "GET /404/?from=antispam HTTP/1.1" 302 None
Thu, 14 Dec 2017 11:29:13 connectionpool.py[line:395] DEBUG https://anqing.anjuke.com:443 "GET /404/?from=antispam HTTP/1.1" 302 None
Thu, 14 Dec 2017 11:29:13 connectionpool.py[line:395] DEBUG https://anqing.anjuke.com:443 "GET /404/?from=antispam HTTP/1.1" 302 None
Thu, 14 Dec 2017 11:29:13 connectionpool.py[line:395] DEBUG https://anqing.anjuke.com:443 "GET /404/?from=antispam HTTP/1.1" 302 None
Thu, 14 Dec 2017 11:29:13 connectionpool.py[line:395] DEBUG https://anqing.anjuke.com:443 "GET /404/?from=antispam HTTP/1.1" 302 None
Thu, 14 Dec 2017 11:29:13 connectionpool.py[line:395] DEBUG https://anqing.anjuke.com:443 "GET /404/?from=antispam HTTP/1.1" 302 None
Thu, 14 Dec 2017 11:29:13 connectionpool.py[line:395] DEBUG https://anqing.anjuke.com:443 "GET /404/?from=antispam HTTP/1.1" 302 None
Thu, 14 Dec 2017 11:29:13 connectionpool.py[line:395] DEBUG https://anqing.anjuke.com:443 "GET /404/?from=antispam HTTP/1.1" 302 None
Thu, 14 Dec 2017 11:29:13 connectionpool.py[line:395] DEBUG https://anqing.anjuke.com:443 "GET /404/?from=antispam HTTP/1.1" 302 None
Thu, 14 Dec 2017 11:29:13 connectionpool.py[line:395] DEBUG https://anqing.anjuke.com:443 "GET /404/?from=antispam HTTP/1.1" 302 None
Thu, 14 Dec 2017 11:29:13 connectionpool.py[line:395] DEBUG https://anqing.anjuke.com:443 "GET /404/?from=antispam HTTP/1.1" 302 None
Thu, 14 Dec 2017 11:29:13 connectionpool.py[line:395] DEBUG https://anqing.anjuke.com:443 "GET /404/?from=antispam HTTP/1.1" 302 None
Thu, 14 Dec 2017 11:29:13 connectionpool.py[line:395] DEBUG https://anqing.anjuke.com:443 "GET /404/?from=antispam HTTP/1.1" 302 None
Thu, 14 Dec 2017 11:29:13 connectionpool.py[line:395] DEBUG https://anqing.anjuke.com:443 "GET /404/?from=antispam HTTP/1.1" 302 None
Thu, 14 Dec 2017 11:29:13 connectionpool.py[line:395] DEBUG https://anqing.anjuke.com:443 "GET /404/?from=antispam HTTP/1.1" 302 None
Thu, 14 Dec 2017 11:29:14 connectionpool.py[line:395] DEBUG https://anqing.anjuke.com:443 "GET /404/?from=antispam HTTP/1.1" 302 None
Thu, 14 Dec 2017 11:29:14 connectionpool.py[line:395] DEBUG https://anqing.anjuke.com:443 "GET /404/?from=antispam HTTP/1.1" 302 None
Thu, 14 Dec 2017 11:29:14 connectionpool.py[line:395] DEBUG https://anqing.anjuke.com:443 "GET /404/?from=antispam HTTP/1.1" 302 None
Thu, 14 Dec 2017 11:29:14 connectionpool.py[line:395] DEBUG https://anqing.anjuke.com:443 "GET /404/?from=antispam HTTP/1.1" 302 None
Thu, 14 Dec 2017 11:29:14 connectionpool.py[line:395] DEBUG https://anqing.anjuke.com:443 "GET /404/?from=antispam HTTP/1.1" 302 None
Thu, 14 Dec 2017 11:29:14 connectionpool.py[line:395] DEBUG https://anqing.anjuke.com:443 "GET /404/?from=antispam HTTP/1.1" 302 None
Thu, 14 Dec 2017 11:29:39 connectionpool.py[line:818] DEBUG Starting new HTTPS connection (1): anqing.anjuke.com
Thu, 14 Dec 2017 11:29:39 connectionpool.py[line:395] DEBUG https://anqing.anjuke.com:443 "GET /community/view/691353 HTTP/1.1" 302 None
Thu, 14 Dec 2017 11:29:39 connectionpool.py[line:395] DEBUG https://anqing.anjuke.com:443 "GET /404/?from=antispam HTTP/1.1" 302 None
Thu, 14 Dec 2017 11:29:39 connectionpool.py[line:395] DEBUG https://anqing.anjuke.com:443 "GET /404/?from=antispam HTTP/1.1" 302 None
Thu, 14 Dec 2017 11:29:39 connectionpool.py[line:395] DEBUG https://anqing.anjuke.com:443 "GET /404/?from=antispam HTTP/1.1" 302 None
Thu, 14 Dec 2017 11:29:39 connectionpool.py[line:395] DEBUG https://anqing.anjuke.com:443 "GET /404/?from=antispam HTTP/1.1" 302 None
Thu, 14 Dec 2017 11:29:39 connectionpool.py[line:395] DEBUG https://anqing.anjuke.com:443 "GET /404/?from=antispam HTTP/1.1" 302 None
Thu, 14 Dec 2017 11:29:39 connectionpool.py[line:395] DEBUG https://anqing.anjuke.com:443 "GET /404/?from=antispam HTTP/1.1" 302 None
Thu, 14 Dec 2017 11:29:39 connectionpool.py[line:395] DEBUG https://anqing.anjuke.com:443 "GET /404/?from=antispam HTTP/1.1" 302 None
Thu, 14 Dec 2017 11:29:39 connectionpool.py[line:395] DEBUG https://anqing.anjuke.com:443 "GET /404/?from=antispam HTTP/1.1" 302 None
Thu, 14 Dec 2017 11:29:39 connectionpool.py[line:395] DEBUG https://anqing.anjuke.com:443 "GET /404/?from=antispam HTTP/1.1" 302 None
Thu, 14 Dec 2017 11:29:40 connectionpool.py[line:395] DEBUG https://anqing.anjuke.com:443 "GET /404/?from=antispam HTTP/1.1" 302 None
Thu, 14 Dec 2017 11:29:40 connectionpool.py[line:395] DEBUG https://anqing.anjuke.com:443 "GET /404/?from=antispam HTTP/1.1" 302 None
Thu, 14 Dec 2017 11:29:40 connectionpool.py[line:395] DEBUG https://anqing.anjuke.com:443 "GET /404/?from=antispam HTTP/1.1" 302 None
Thu, 14 Dec 2017 11:29:40 connectionpool.py[line:395] DEBUG https://anqing.anjuke.com:443 "GET /404/?from=antispam HTTP/1.1" 302 None
Thu, 14 Dec 2017 11:29:40 connectionpool.py[line:395] DEBUG https://anqing.anjuke.com:443 "GET /404/?from=antispam HTTP/1.1" 302 None
Thu, 14 Dec 2017 11:29:40 connectionpool.py[line:395] DEBUG https://anqing.anjuke.com:443 "GET /404/?from=antispam HTTP/1.1" 302 None
Thu, 14 Dec 2017 11:29:40 connectionpool.py[line:395] DEBUG https://anqing.anjuke.com:443 "GET /404/?from=antispam HTTP/1.1" 302 None
Thu, 14 Dec 2017 11:29:40 connectionpool.py[line:395] DEBUG https://anqing.anjuke.com:443 "GET /404/?from=antispam HTTP/1.1" 302 None
Thu, 14 Dec 2017 11:29:40 connectionpool.py[line:395] DEBUG https://anqing.anjuke.com:443 "GET /404/?from=antispam HTTP/1.1" 302 None
Thu, 14 Dec 2017 11:29:40 connectionpool.py[line:395] DEBUG https://anqing.anjuke.com:443 "GET /404/?from=antispam HTTP/1.1" 302 None
Thu, 14 Dec 2017 11:29:40 connectionpool.py[line:395] DEBUG https://anqing.anjuke.com:443 "GET /404/?from=antispam HTTP/1.1" 302 None
Thu, 14 Dec 2017 11:29:40 connectionpool.py[line:395] DEBUG https://anqing.anjuke.com:443 "GET /404/?from=antispam HTTP/1.1" 302 None
Thu, 14 Dec 2017 11:29:40 connectionpool.py[line:395] DEBUG https://anqing.anjuke.com:443 "GET /404/?from=antispam HTTP/1.1" 302 None
Thu, 14 Dec 2017 11:29:40 connectionpool.py[line:395] DEBUG https://anqing.anjuke.com:443 "GET /404/?from=antispam HTTP/1.1" 302 None
Thu, 14 Dec 2017 11:29:40 connectionpool.py[line:395] DEBUG https://anqing.anjuke.com:443 "GET /404/?from=antispam HTTP/1.1" 302 None
Thu, 14 Dec 2017 11:29:40 connectionpool.py[line:395] DEBUG https://anqing.anjuke.com:443 "GET /404/?from=antispam HTTP/1.1" 302 None
Thu, 14 Dec 2017 11:29:40 connectionpool.py[line:395] DEBUG https://anqing.anjuke.com:443 "GET /404/?from=antispam HTTP/1.1" 302 None
Thu, 14 Dec 2017 11:29:40 connectionpool.py[line:395] DEBUG https://anqing.anjuke.com:443 "GET /404/?from=antispam HTTP/1.1" 302 None
Thu, 14 Dec 2017 11:29:41 connectionpool.py[line:395] DEBUG https://anqing.anjuke.com:443 "GET /404/?from=antispam HTTP/1.1" 302 None
Thu, 14 Dec 2017 11:29:41 connectionpool.py[line:395] DEBUG https://anqing.anjuke.com:443 "GET /404/?from=antispam HTTP/1.1" 302 None
Thu, 14 Dec 2017 11:29:41 connectionpool.py[line:395] DEBUG https://anqing.anjuke.com:443 "GET /404/?from=antispam HTTP/1.1" 302 None
Thu, 14 Dec 2017 11:32:38 connectionpool.py[line:818] DEBUG Starting new HTTPS connection (1): anqing.anjuke.com
Thu, 14 Dec 2017 11:32:38 connectionpool.py[line:395] DEBUG https://anqing.anjuke.com:443 "GET /community/view/691353 HTTP/1.1" 302 None
Thu, 14 Dec 2017 15:15:20 connectionpool.py[line:818] DEBUG Starting new HTTPS connection (1): anqing.anjuke.com
Thu, 14 Dec 2017 15:16:11 connectionpool.py[line:818] DEBUG Starting new HTTPS connection (1): anqing.anjuke.com
Thu, 14 Dec 2017 15:16:11 connectionpool.py[line:395] DEBUG https://anqing.anjuke.com:443 "GET /community/view/691353 HTTP/1.1" 200 None
Thu, 14 Dec 2017 15:16:19 connectionpool.py[line:818] DEBUG Starting new HTTPS connection (1): anqing.anjuke.com
Thu, 14 Dec 2017 15:16:20 connectionpool.py[line:395] DEBUG https://anqing.anjuke.com:443 "GET /community/view/691353 HTTP/1.1" 200 None
Thu, 14 Dec 2017 15:20:33 connectionpool.py[line:818] DEBUG Starting new HTTPS connection (1): anqing.anjuke.com
Thu, 14 Dec 2017 15:20:33 connectionpool.py[line:395] DEBUG https://anqing.anjuke.com:443 "GET /community/view/691353 HTTP/1.1" 200 None
Thu, 14 Dec 2017 15:20:48 connectionpool.py[line:818] DEBUG Starting new HTTPS connection (1): anqing.anjuke.com
Thu, 14 Dec 2017 15:20:48 connectionpool.py[line:395] DEBUG https://anqing.anjuke.com:443 "GET /community/view/691353 HTTP/1.1" 200 None
Thu, 14 Dec 2017 15:20:53 connectionpool.py[line:818] DEBUG Starting new HTTPS connection (1): anqing.anjuke.com
Thu, 14 Dec 2017 15:20:54 connectionpool.py[line:395] DEBUG https://anqing.anjuke.com:443 "GET /community/view/691353 HTTP/1.1" 200 None
Thu, 14 Dec 2017 15:20:59 connectionpool.py[line:818] DEBUG Starting new HTTPS connection (1): anqing.anjuke.com
Thu, 14 Dec 2017 15:20:59 connectionpool.py[line:395] DEBUG https://anqing.anjuke.com:443 "GET /community/view/691353 HTTP/1.1" 302 None
Thu, 14 Dec 2017 15:36:55 connectionpool.py[line:818] DEBUG Starting new HTTPS connection (1): anqing.anjuke.com
Thu, 14 Dec 2017 15:36:55 connectionpool.py[line:395] DEBUG https://anqing.anjuke.com:443 "GET /community/view/691353 HTTP/1.1" 200 None
Thu, 14 Dec 2017 15:46:46 connectionpool.py[line:818] DEBUG Starting new HTTPS connection (1): anqing.anjuke.com
Thu, 14 Dec 2017 15:46:46 connectionpool.py[line:395] DEBUG https://anqing.anjuke.com:443 "GET /community/view/691353 HTTP/1.1" 200 None
Thu, 14 Dec 2017 16:10:40 connectionpool.py[line:818] DEBUG Starting new HTTPS connection (1): anqing.anjuke.com
Thu, 14 Dec 2017 16:10:40 connectionpool.py[line:395] DEBUG https://anqing.anjuke.com:443 "GET /community/view/691353 HTTP/1.1" 200 None
Thu, 14 Dec 2017 16:13:26 connectionpool.py[line:818] DEBUG Starting new HTTPS connection (1): anqing.anjuke.com
Thu, 14 Dec 2017 16:13:26 connectionpool.py[line:395] DEBUG https://anqing.anjuke.com:443 "GET /community/view/691592/ HTTP/1.1" 301 None
Thu, 14 Dec 2017 16:13:31 connectionpool.py[line:818] DEBUG Starting new HTTPS connection (1): anqing.anjuke.com
Thu, 14 Dec 2017 16:13:32 connectionpool.py[line:395] DEBUG https://anqing.anjuke.com:443 "GET /community/view/691592 HTTP/1.1" 200 None
Fri, 15 Dec 2017 14:07:10 connectionpool.py[line:818] DEBUG Starting new HTTPS connection (1): anqing.anjuke.com
Fri, 15 Dec 2017 14:07:10 connectionpool.py[line:395] DEBUG https://anqing.anjuke.com:443 "GET /community/view/691592 HTTP/1.1" 200 None
